<?xml version="1.0" encoding="UTF-8"?>
<!-- Generated by org.testng.reporters.JUnitReportReporter -->
<testsuite skipped="0" hostname="LAPTOP-RT8ROG2F" name="RestAPI.GetRequestEmpName" tests="1" failures="0" timestamp="08 Jul 2023 04:05:47 GMT" time="3.432" errors="0">
  <testcase name="test1" time="3.432" classname="RestAPI.GetRequestEmpName"/>
</testsuite> <!-- RestAPI.GetRequestEmpName -->
