<?xml version="1.0" encoding="UTF-8"?>
<!-- Generated by org.testng.reporters.JUnitReportReporter -->
<testsuite skipped="0" hostname="LAPTOP-RT8ROG2F" name="SpringBootApp.PostNewEmployee" tests="1" failures="0" timestamp="08 Jul 2023 06:38:47 GMT" time="1.190" errors="0">
  <testcase name="test1" time="1.190" classname="SpringBootApp.PostNewEmployee"/>
</testsuite> <!-- SpringBootApp.PostNewEmployee -->
