<?xml version="1.0" encoding="UTF-8"?>
<!-- Generated by org.testng.reporters.JUnitReportReporter -->
<testsuite skipped="0" hostname="LAPTOP-RT8ROG2F" name="RestAPIBDD.GetRequestBDD" tests="4" failures="0" timestamp="09 Jul 2023 04:32:18 GMT" time="9.796" errors="0">
  <testcase name="test2" time="2.587" classname="RestAPIBDD.GetRequestBDD"/>
  <testcase name="test3" time="2.159" classname="RestAPIBDD.GetRequestBDD"/>
  <testcase name="test1" time="2.954" classname="RestAPIBDD.GetRequestBDD"/>
  <testcase name="test4" time="2.096" classname="RestAPIBDD.GetRequestBDD"/>
</testsuite> <!-- RestAPIBDD.GetRequestBDD -->
