<?xml version="1.0" encoding="UTF-8"?>
<!-- Generated by org.testng.reporters.JUnitReportReporter -->
<testsuite skipped="0" hostname="LAPTOP-RT8ROG2F" name="SpringBootApp.GetAllEmployee" tests="1" failures="0" timestamp="08 Jul 2023 06:42:38 GMT" time="1.935" errors="0">
  <testcase name="test2" time="1.935" classname="SpringBootApp.GetAllEmployee"/>
</testsuite> <!-- SpringBootApp.GetAllEmployee -->
