<?xml version="1.0" encoding="UTF-8"?>
<!-- Generated by org.testng.reporters.JUnitReportReporter -->
<testsuite skipped="0" hostname="LAPTOP-RT8ROG2F" name="RestAPI.DeleteRequest" tests="1" failures="0" timestamp="08 Jul 2023 05:59:16 GMT" time="2.949" errors="0">
  <testcase name="test1" time="2.949" classname="RestAPI.DeleteRequest"/>
</testsuite> <!-- RestAPI.DeleteRequest -->
