<?xml version="1.0" encoding="UTF-8"?>
<!-- Generated by org.testng.reporters.JUnitReportReporter -->
<testsuite skipped="0" hostname="LAPTOP-RT8ROG2F" name="RestAPI.PostRequestWithFile" tests="1" failures="0" timestamp="08 Jul 2023 05:16:30 GMT" time="2.961" errors="0">
  <testcase name="test1" time="2.961" classname="RestAPI.PostRequestWithFile"/>
</testsuite> <!-- RestAPI.PostRequestWithFile -->
