<?xml version="1.0" encoding="UTF-8"?>
<!-- Generated by org.testng.reporters.JUnitReportReporter -->
<testsuite skipped="0" hostname="LAPTOP-RT8ROG2F" name="RestAPI.PostRequestWithJsonObj" tests="1" failures="0" timestamp="08 Jul 2023 04:58:32 GMT" time="2.940" errors="0">
  <testcase name="test1" time="2.940" classname="RestAPI.PostRequestWithJsonObj"/>
</testsuite> <!-- RestAPI.PostRequestWithJsonObj -->
