<?xml version="1.0" encoding="UTF-8"?>
<!-- Generated by org.testng.reporters.JUnitReportReporter -->
<testsuite skipped="0" hostname="LAPTOP-RT8ROG2F" name="RestAPI.PostRequest" tests="1" failures="0" timestamp="08 Jul 2023 04:33:37 GMT" time="2.939" errors="0">
  <testcase name="test1" time="2.939" classname="RestAPI.PostRequest"/>
</testsuite> <!-- RestAPI.PostRequest -->
