<?xml version="1.0" encoding="UTF-8"?>
<!-- Generated by org.testng.reporters.JUnitReportReporter -->
<testsuite skipped="0" hostname="LAPTOP-RT8ROG2F" name="RestAPI.PostRequestWithMap" tests="1" failures="0" timestamp="08 Jul 2023 04:44:12 GMT" time="3.091" errors="0">
  <testcase name="test1" time="3.091" classname="RestAPI.PostRequestWithMap"/>
</testsuite> <!-- RestAPI.PostRequestWithMap -->
